2022-09-24 10:49:35 - PHP Unknown:  The Twig_Autoloader class is deprecated since version 1.21 and will be removed in 2.0. Use Composer instead. in S:\XAMP\htdocs\opencart3\system\library\template\Twig\Autoloader.php on line 12
2022-09-24 10:49:35 - PHP Unknown:  Using Twig_Autoloader is deprecated since version 1.21. Use Composer instead. in S:\XAMP\htdocs\opencart3\system\library\template\Twig\Autoloader.php on line 30
2022-09-24 10:49:35 - PHP Unknown:  preg_match(): Passing null to parameter #4 ($flags) of type int is deprecated in S:\XAMP\htdocs\opencart3\system\library\template\Twig\Lexer.php on line 211
2022-09-24 10:49:35 - PHP Unknown:  preg_match(): Passing null to parameter #4 ($flags) of type int is deprecated in S:\XAMP\htdocs\opencart3\system\library\template\Twig\Lexer.php on line 223
2022-09-24 10:49:35 - PHP Unknown:  preg_match(): Passing null to parameter #4 ($flags) of type int is deprecated in S:\XAMP\htdocs\opencart3\system\library\template\Twig\Lexer.php on line 232
2022-09-24 10:49:35 - PHP Unknown:  preg_match(): Passing null to parameter #4 ($flags) of type int is deprecated in S:\XAMP\htdocs\opencart3\system\library\template\Twig\Lexer.php on line 237
2022-09-24 10:49:35 - PHP Unknown:  preg_match(): Passing null to parameter #4 ($flags) of type int is deprecated in S:\XAMP\htdocs\opencart3\system\library\template\Twig\Lexer.php on line 211
2022-09-24 10:49:35 - PHP Unknown:  Return type of Twig_Node::count() should either be compatible with Countable::count(): int, or the #[\ReturnTypeWillChange] attribute should be used to temporarily suppress the notice in S:\XAMP\htdocs\opencart3\system\library\template\Twig\Node.php on line 222
2022-09-24 10:49:35 - PHP Unknown:  Return type of Twig_Node::getIterator() should either be compatible with IteratorAggregate::getIterator(): Traversable, or the #[\ReturnTypeWillChange] attribute should be used to temporarily suppress the notice in S:\XAMP\htdocs\opencart3\system\library\template\Twig\Node.php on line 227
2022-09-24 10:49:35 - PHP Unknown:  Using Twig_Autoloader is deprecated since version 1.21. Use Composer instead. in S:\XAMP\htdocs\opencart3\system\library\template\Twig\Autoloader.php on line 30
2022-09-24 10:49:35 - PHP Unknown:  preg_match(): Passing null to parameter #4 ($flags) of type int is deprecated in S:\XAMP\htdocs\opencart3\system\library\template\Twig\Lexer.php on line 211
2022-09-24 10:49:35 - PHP Unknown:  preg_match(): Passing null to parameter #4 ($flags) of type int is deprecated in S:\XAMP\htdocs\opencart3\system\library\template\Twig\Lexer.php on line 223
2022-09-24 10:49:35 - PHP Unknown:  preg_match(): Passing null to parameter #4 ($flags) of type int is deprecated in S:\XAMP\htdocs\opencart3\system\library\template\Twig\Lexer.php on line 232
2022-09-24 10:49:35 - PHP Unknown:  preg_match(): Passing null to parameter #4 ($flags) of type int is deprecated in S:\XAMP\htdocs\opencart3\system\library\template\Twig\Lexer.php on line 237
2022-09-24 10:49:35 - PHP Unknown:  preg_match(): Passing null to parameter #4 ($flags) of type int is deprecated in S:\XAMP\htdocs\opencart3\system\library\template\Twig\Lexer.php on line 211
2022-09-24 10:49:35 - PHP Unknown:  preg_match(): Passing null to parameter #4 ($flags) of type int is deprecated in S:\XAMP\htdocs\opencart3\system\library\template\Twig\Lexer.php on line 211
2022-09-24 10:49:35 - PHP Unknown:  preg_match(): Passing null to parameter #4 ($flags) of type int is deprecated in S:\XAMP\htdocs\opencart3\system\library\template\Twig\Lexer.php on line 223
2022-09-24 10:49:35 - PHP Unknown:  preg_match(): Passing null to parameter #4 ($flags) of type int is deprecated in S:\XAMP\htdocs\opencart3\system\library\template\Twig\Lexer.php on line 232
2022-09-24 10:49:35 - PHP Unknown:  preg_match(): Passing null to parameter #4 ($flags) of type int is deprecated in S:\XAMP\htdocs\opencart3\system\library\template\Twig\Lexer.php on line 237
2022-09-24 10:49:35 - PHP Unknown:  preg_match(): Passing null to parameter #4 ($flags) of type int is deprecated in S:\XAMP\htdocs\opencart3\system\library\template\Twig\Lexer.php on line 211
2022-09-24 10:49:35 - PHP Unknown:  Using Twig_Autoloader is deprecated since version 1.21. Use Composer instead. in S:\XAMP\htdocs\opencart3\system\library\template\Twig\Autoloader.php on line 30
2022-09-24 10:49:35 - PHP Unknown:  preg_match(): Passing null to parameter #4 ($flags) of type int is deprecated in S:\XAMP\htdocs\opencart3\system\library\template\Twig\Lexer.php on line 176
2022-09-24 10:49:35 - PHP Unknown:  preg_match(): Passing null to parameter #4 ($flags) of type int is deprecated in S:\XAMP\htdocs\opencart3\system\library\template\Twig\Lexer.php on line 180
2022-09-24 10:49:35 - PHP Unknown:  preg_match(): Passing null to parameter #4 ($flags) of type int is deprecated in S:\XAMP\htdocs\opencart3\system\library\template\Twig\Lexer.php on line 200
2022-09-24 10:49:35 - PHP Unknown:  preg_match(): Passing null to parameter #4 ($flags) of type int is deprecated in S:\XAMP\htdocs\opencart3\system\library\template\Twig\Lexer.php on line 223
2022-09-24 10:49:35 - PHP Unknown:  preg_match(): Passing null to parameter #4 ($flags) of type int is deprecated in S:\XAMP\htdocs\opencart3\system\library\template\Twig\Lexer.php on line 232
2022-09-24 10:49:35 - PHP Unknown:  preg_match(): Passing null to parameter #4 ($flags) of type int is deprecated in S:\XAMP\htdocs\opencart3\system\library\template\Twig\Lexer.php on line 237
2022-09-24 10:49:35 - PHP Unknown:  preg_match(): Passing null to parameter #4 ($flags) of type int is deprecated in S:\XAMP\htdocs\opencart3\system\library\template\Twig\Lexer.php on line 200
2022-09-24 10:49:35 - PHP Unknown:  preg_match(): Passing null to parameter #4 ($flags) of type int is deprecated in S:\XAMP\htdocs\opencart3\system\library\template\Twig\Lexer.php on line 223
2022-09-24 10:49:35 - PHP Unknown:  preg_match(): Passing null to parameter #4 ($flags) of type int is deprecated in S:\XAMP\htdocs\opencart3\system\library\template\Twig\Lexer.php on line 232
2022-09-24 10:49:35 - PHP Unknown:  preg_match(): Passing null to parameter #4 ($flags) of type int is deprecated in S:\XAMP\htdocs\opencart3\system\library\template\Twig\Lexer.php on line 237
2022-09-24 10:49:35 - PHP Unknown:  preg_match(): Passing null to parameter #4 ($flags) of type int is deprecated in S:\XAMP\htdocs\opencart3\system\library\template\Twig\Lexer.php on line 200
2022-09-24 10:49:35 - PHP Unknown:  preg_match(): Passing null to parameter #4 ($flags) of type int is deprecated in S:\XAMP\htdocs\opencart3\system\library\template\Twig\Lexer.php on line 223
2022-09-24 10:49:35 - PHP Unknown:  preg_match(): Passing null to parameter #4 ($flags) of type int is deprecated in S:\XAMP\htdocs\opencart3\system\library\template\Twig\Lexer.php on line 232
2022-09-24 10:49:35 - PHP Unknown:  preg_match(): Passing null to parameter #4 ($flags) of type int is deprecated in S:\XAMP\htdocs\opencart3\system\library\template\Twig\Lexer.php on line 237
2022-09-24 10:49:35 - PHP Unknown:  preg_match(): Passing null to parameter #4 ($flags) of type int is deprecated in S:\XAMP\htdocs\opencart3\system\library\template\Twig\Lexer.php on line 242
2022-09-24 10:49:35 - PHP Unknown:  preg_match(): Passing null to parameter #4 ($flags) of type int is deprecated in S:\XAMP\htdocs\opencart3\system\library\template\Twig\Lexer.php on line 200
2022-09-24 10:49:35 - PHP Unknown:  preg_match(): Passing null to parameter #4 ($flags) of type int is deprecated in S:\XAMP\htdocs\opencart3\system\library\template\Twig\Lexer.php on line 223
2022-09-24 10:49:35 - PHP Unknown:  preg_match(): Passing null to parameter #4 ($flags) of type int is deprecated in S:\XAMP\htdocs\opencart3\system\library\template\Twig\Lexer.php on line 232
2022-09-24 10:49:35 - PHP Unknown:  preg_match(): Passing null to parameter #4 ($flags) of type int is deprecated in S:\XAMP\htdocs\opencart3\system\library\template\Twig\Lexer.php on line 237
2022-09-24 10:49:35 - PHP Unknown:  preg_match(): Passing null to parameter #4 ($flags) of type int is deprecated in S:\XAMP\htdocs\opencart3\system\library\template\Twig\Lexer.php on line 200
2022-09-24 10:49:35 - PHP Unknown:  preg_match(): Passing null to parameter #4 ($flags) of type int is deprecated in S:\XAMP\htdocs\opencart3\system\library\template\Twig\Lexer.php on line 223
2022-09-24 10:49:35 - PHP Unknown:  preg_match(): Passing null to parameter #4 ($flags) of type int is deprecated in S:\XAMP\htdocs\opencart3\system\library\template\Twig\Lexer.php on line 232
2022-09-24 10:49:35 - PHP Unknown:  preg_match(): Passing null to parameter #4 ($flags) of type int is deprecated in S:\XAMP\htdocs\opencart3\system\library\template\Twig\Lexer.php on line 237
2022-09-24 10:49:35 - PHP Unknown:  preg_match(): Passing null to parameter #4 ($flags) of type int is deprecated in S:\XAMP\htdocs\opencart3\system\library\template\Twig\Lexer.php on line 242
2022-09-24 10:49:35 - PHP Unknown:  preg_match(): Passing null to parameter #4 ($flags) of type int is deprecated in S:\XAMP\htdocs\opencart3\system\library\template\Twig\Lexer.php on line 223
2022-09-24 10:49:35 - PHP Unknown:  preg_match(): Passing null to parameter #4 ($flags) of type int is deprecated in S:\XAMP\htdocs\opencart3\system\library\template\Twig\Lexer.php on line 232
2022-09-24 10:49:35 - PHP Unknown:  preg_match(): Passing null to parameter #4 ($flags) of type int is deprecated in S:\XAMP\htdocs\opencart3\system\library\template\Twig\Lexer.php on line 237
2022-09-24 10:49:35 - PHP Unknown:  preg_match(): Passing null to parameter #4 ($flags) of type int is deprecated in S:\XAMP\htdocs\opencart3\system\library\template\Twig\Lexer.php on line 242
2022-09-24 10:49:35 - PHP Unknown:  preg_match(): Passing null to parameter #4 ($flags) of type int is deprecated in S:\XAMP\htdocs\opencart3\system\library\template\Twig\Lexer.php on line 223
2022-09-24 10:49:35 - PHP Unknown:  preg_match(): Passing null to parameter #4 ($flags) of type int is deprecated in S:\XAMP\htdocs\opencart3\system\library\template\Twig\Lexer.php on line 232
2022-09-24 10:49:35 - PHP Unknown:  preg_match(): Passing null to parameter #4 ($flags) of type int is deprecated in S:\XAMP\htdocs\opencart3\system\library\template\Twig\Lexer.php on line 237
2022-09-24 10:49:35 - PHP Unknown:  preg_match(): Passing null to parameter #4 ($flags) of type int is deprecated in S:\XAMP\htdocs\opencart3\system\library\template\Twig\Lexer.php on line 242
2022-09-24 10:49:35 - PHP Unknown:  preg_match(): Passing null to parameter #4 ($flags) of type int is deprecated in S:\XAMP\htdocs\opencart3\system\library\template\Twig\Lexer.php on line 223
2022-09-24 10:49:35 - PHP Unknown:  preg_match(): Passing null to parameter #4 ($flags) of type int is deprecated in S:\XAMP\htdocs\opencart3\system\library\template\Twig\Lexer.php on line 232
2022-09-24 10:49:35 - PHP Unknown:  preg_match(): Passing null to parameter #4 ($flags) of type int is deprecated in S:\XAMP\htdocs\opencart3\system\library\template\Twig\Lexer.php on line 237
2022-09-24 10:49:35 - PHP Unknown:  preg_match(): Passing null to parameter #4 ($flags) of type int is deprecated in S:\XAMP\htdocs\opencart3\system\library\template\Twig\Lexer.php on line 242
2022-09-24 10:49:35 - PHP Unknown:  preg_match(): Passing null to parameter #4 ($flags) of type int is deprecated in S:\XAMP\htdocs\opencart3\system\library\template\Twig\Lexer.php on line 223
2022-09-24 10:49:35 - PHP Unknown:  preg_match(): Passing null to parameter #4 ($flags) of type int is deprecated in S:\XAMP\htdocs\opencart3\system\library\template\Twig\Lexer.php on line 232
2022-09-24 10:49:35 - PHP Unknown:  preg_match(): Passing null to parameter #4 ($flags) of type int is deprecated in S:\XAMP\htdocs\opencart3\system\library\template\Twig\Lexer.php on line 237
2022-09-24 10:49:35 - PHP Unknown:  preg_match(): Passing null to parameter #4 ($flags) of type int is deprecated in S:\XAMP\htdocs\opencart3\system\library\template\Twig\Lexer.php on line 242
2022-09-24 10:49:35 - PHP Unknown:  preg_match(): Passing null to parameter #4 ($flags) of type int is deprecated in S:\XAMP\htdocs\opencart3\system\library\template\Twig\Lexer.php on line 200
2022-09-24 10:49:35 - PHP Unknown:  preg_match(): Passing null to parameter #4 ($flags) of type int is deprecated in S:\XAMP\htdocs\opencart3\system\library\template\Twig\Lexer.php on line 223
2022-09-24 10:49:35 - PHP Unknown:  preg_match(): Passing null to parameter #4 ($flags) of type int is deprecated in S:\XAMP\htdocs\opencart3\system\library\template\Twig\Lexer.php on line 232
2022-09-24 10:49:35 - PHP Unknown:  preg_match(): Passing null to parameter #4 ($flags) of type int is deprecated in S:\XAMP\htdocs\opencart3\system\library\template\Twig\Lexer.php on line 200
2022-09-24 10:49:35 - PHP Unknown:  preg_match(): Passing null to parameter #4 ($flags) of type int is deprecated in S:\XAMP\htdocs\opencart3\system\library\template\Twig\Lexer.php on line 223
2022-09-24 10:49:35 - PHP Unknown:  preg_match(): Passing null to parameter #4 ($flags) of type int is deprecated in S:\XAMP\htdocs\opencart3\system\library\template\Twig\Lexer.php on line 232
2022-09-24 10:49:35 - PHP Unknown:  preg_match(): Passing null to parameter #4 ($flags) of type int is deprecated in S:\XAMP\htdocs\opencart3\system\library\template\Twig\Lexer.php on line 237
2022-09-24 10:49:35 - PHP Unknown:  preg_match(): Passing null to parameter #4 ($flags) of type int is deprecated in S:\XAMP\htdocs\opencart3\system\library\template\Twig\Lexer.php on line 242
2022-09-24 10:49:35 - PHP Unknown:  preg_match(): Passing null to parameter #4 ($flags) of type int is deprecated in S:\XAMP\htdocs\opencart3\system\library\template\Twig\Lexer.php on line 272
2022-09-24 10:49:35 - PHP Unknown:  preg_match(): Passing null to parameter #4 ($flags) of type int is deprecated in S:\XAMP\htdocs\opencart3\system\library\template\Twig\Lexer.php on line 200
2022-09-24 10:49:35 - PHP Unknown:  preg_match(): Passing null to parameter #4 ($flags) of type int is deprecated in S:\XAMP\htdocs\opencart3\system\library\template\Twig\Lexer.php on line 176
2022-09-24 10:49:35 - PHP Unknown:  preg_match(): Passing null to parameter #4 ($flags) of type int is deprecated in S:\XAMP\htdocs\opencart3\system\library\template\Twig\Lexer.php on line 180
2022-09-24 10:49:35 - PHP Unknown:  preg_match(): Passing null to parameter #4 ($flags) of type int is deprecated in S:\XAMP\htdocs\opencart3\system\library\template\Twig\Lexer.php on line 200
2022-09-24 10:49:35 - PHP Unknown:  preg_match(): Passing null to parameter #4 ($flags) of type int is deprecated in S:\XAMP\htdocs\opencart3\system\library\template\Twig\Lexer.php on line 223
2022-09-24 10:49:35 - PHP Unknown:  preg_match(): Passing null to parameter #4 ($flags) of type int is deprecated in S:\XAMP\htdocs\opencart3\system\library\template\Twig\Lexer.php on line 232
2022-09-24 10:49:35 - PHP Unknown:  preg_match(): Passing null to parameter #4 ($flags) of type int is deprecated in S:\XAMP\htdocs\opencart3\system\library\template\Twig\Lexer.php on line 237
2022-09-24 10:49:35 - PHP Unknown:  preg_match(): Passing null to parameter #4 ($flags) of type int is deprecated in S:\XAMP\htdocs\opencart3\system\library\template\Twig\Lexer.php on line 200
2022-09-24 10:49:35 - PHP Unknown:  preg_match(): Passing null to parameter #4 ($flags) of type int is deprecated in S:\XAMP\htdocs\opencart3\system\library\template\Twig\Lexer.php on line 223
2022-09-24 10:49:35 - PHP Unknown:  preg_match(): Passing null to parameter #4 ($flags) of type int is deprecated in S:\XAMP\htdocs\opencart3\system\library\template\Twig\Lexer.php on line 232
2022-09-24 10:49:35 - PHP Unknown:  preg_match(): Passing null to parameter #4 ($flags) of type int is deprecated in S:\XAMP\htdocs\opencart3\system\library\template\Twig\Lexer.php on line 237
2022-09-24 10:49:35 - PHP Unknown:  preg_match(): Passing null to parameter #4 ($flags) of type int is deprecated in S:\XAMP\htdocs\opencart3\system\library\template\Twig\Lexer.php on line 200
2022-09-24 10:49:35 - PHP Unknown:  preg_match(): Passing null to parameter #4 ($flags) of type int is deprecated in S:\XAMP\htdocs\opencart3\system\library\template\Twig\Lexer.php on line 223
2022-09-24 10:49:35 - PHP Unknown:  preg_match(): Passing null to parameter #4 ($flags) of type int is deprecated in S:\XAMP\htdocs\opencart3\system\library\template\Twig\Lexer.php on line 232
2022-09-24 10:49:35 - PHP Unknown:  preg_match(): Passing null to parameter #4 ($flags) of type int is deprecated in S:\XAMP\htdocs\opencart3\system\library\template\Twig\Lexer.php on line 200
2022-09-24 10:49:35 - PHP Unknown:  preg_match(): Passing null to parameter #4 ($flags) of type int is deprecated in S:\XAMP\htdocs\opencart3\system\library\template\Twig\Lexer.php on line 223
2022-09-24 10:49:35 - PHP Unknown:  preg_match(): Passing null to parameter #4 ($flags) of type int is deprecated in S:\XAMP\htdocs\opencart3\system\library\template\Twig\Lexer.php on line 232
2022-09-24 10:49:35 - PHP Unknown:  preg_match(): Passing null to parameter #4 ($flags) of type int is deprecated in S:\XAMP\htdocs\opencart3\system\library\template\Twig\Lexer.php on line 237
2022-09-24 10:49:35 - PHP Unknown:  preg_match(): Passing null to parameter #4 ($flags) of type int is deprecated in S:\XAMP\htdocs\opencart3\system\library\template\Twig\Lexer.php on line 242
2022-09-24 10:49:35 - PHP Unknown:  preg_match(): Passing null to parameter #4 ($flags) of type int is deprecated in S:\XAMP\htdocs\opencart3\system\library\template\Twig\Lexer.php on line 272
2022-09-24 10:49:35 - PHP Unknown:  preg_match(): Passing null to parameter #4 ($flags) of type int is deprecated in S:\XAMP\htdocs\opencart3\system\library\template\Twig\Lexer.php on line 200
2022-09-24 10:49:35 - PHP Unknown:  preg_match(): Passing null to parameter #4 ($flags) of type int is deprecated in S:\XAMP\htdocs\opencart3\system\library\template\Twig\Lexer.php on line 211
2022-09-24 10:49:35 - PHP Unknown:  preg_match(): Passing null to parameter #4 ($flags) of type int is deprecated in S:\XAMP\htdocs\opencart3\system\library\template\Twig\Lexer.php on line 223
2022-09-24 10:49:35 - PHP Unknown:  preg_match(): Passing null to parameter #4 ($flags) of type int is deprecated in S:\XAMP\htdocs\opencart3\system\library\template\Twig\Lexer.php on line 232
2022-09-24 10:49:35 - PHP Unknown:  preg_match(): Passing null to parameter #4 ($flags) of type int is deprecated in S:\XAMP\htdocs\opencart3\system\library\template\Twig\Lexer.php on line 237
2022-09-24 10:49:35 - PHP Unknown:  preg_match(): Passing null to parameter #4 ($flags) of type int is deprecated in S:\XAMP\htdocs\opencart3\system\library\template\Twig\Lexer.php on line 211
2022-09-24 10:49:35 - PHP Unknown:  preg_match(): Passing null to parameter #4 ($flags) of type int is deprecated in S:\XAMP\htdocs\opencart3\system\library\template\Twig\Lexer.php on line 176
2022-09-24 10:49:35 - PHP Unknown:  preg_match(): Passing null to parameter #4 ($flags) of type int is deprecated in S:\XAMP\htdocs\opencart3\system\library\template\Twig\Lexer.php on line 180
2022-09-24 10:49:35 - PHP Unknown:  preg_match(): Passing null to parameter #4 ($flags) of type int is deprecated in S:\XAMP\htdocs\opencart3\system\library\template\Twig\Lexer.php on line 200
2022-09-24 10:49:35 - PHP Unknown:  preg_match(): Passing null to parameter #4 ($flags) of type int is deprecated in S:\XAMP\htdocs\opencart3\system\library\template\Twig\Lexer.php on line 223
2022-09-24 10:49:35 - PHP Unknown:  preg_match(): Passing null to parameter #4 ($flags) of type int is deprecated in S:\XAMP\htdocs\opencart3\system\library\template\Twig\Lexer.php on line 232
2022-09-24 10:49:35 - PHP Unknown:  preg_match(): Passing null to parameter #4 ($flags) of type int is deprecated in S:\XAMP\htdocs\opencart3\system\library\template\Twig\Lexer.php on line 237
2022-09-24 10:49:35 - PHP Unknown:  preg_match(): Passing null to parameter #4 ($flags) of type int is deprecated in S:\XAMP\htdocs\opencart3\system\library\template\Twig\Lexer.php on line 200
2022-09-24 10:49:35 - PHP Unknown:  preg_match(): Passing null to parameter #4 ($flags) of type int is deprecated in S:\XAMP\htdocs\opencart3\system\library\template\Twig\Lexer.php on line 211
2022-09-24 10:49:35 - PHP Unknown:  preg_match(): Passing null to parameter #4 ($flags) of type int is deprecated in S:\XAMP\htdocs\opencart3\system\library\template\Twig\Lexer.php on line 223
2022-09-24 10:49:35 - PHP Unknown:  preg_match(): Passing null to parameter #4 ($flags) of type int is deprecated in S:\XAMP\htdocs\opencart3\system\library\template\Twig\Lexer.php on line 232
2022-09-24 10:49:35 - PHP Unknown:  preg_match(): Passing null to parameter #4 ($flags) of type int is deprecated in S:\XAMP\htdocs\opencart3\system\library\template\Twig\Lexer.php on line 237
2022-09-24 10:49:35 - PHP Unknown:  preg_match(): Passing null to parameter #4 ($flags) of type int is deprecated in S:\XAMP\htdocs\opencart3\system\library\template\Twig\Lexer.php on line 211
2022-09-24 10:49:35 - PHP Unknown:  preg_match(): Passing null to parameter #4 ($flags) of type int is deprecated in S:\XAMP\htdocs\opencart3\system\library\template\Twig\Lexer.php on line 176
2022-09-24 10:49:35 - PHP Unknown:  preg_match(): Passing null to parameter #4 ($flags) of type int is deprecated in S:\XAMP\htdocs\opencart3\system\library\template\Twig\Lexer.php on line 180
2022-09-24 10:49:35 - PHP Unknown:  preg_match(): Passing null to parameter #4 ($flags) of type int is deprecated in S:\XAMP\htdocs\opencart3\system\library\template\Twig\Lexer.php on line 200
2022-09-24 10:49:35 - PHP Unknown:  preg_match(): Passing null to parameter #4 ($flags) of type int is deprecated in S:\XAMP\htdocs\opencart3\system\library\template\Twig\Lexer.php on line 223
2022-09-24 10:49:35 - PHP Unknown:  preg_match(): Passing null to parameter #4 ($flags) of type int is deprecated in S:\XAMP\htdocs\opencart3\system\library\template\Twig\Lexer.php on line 232
2022-09-24 10:49:35 - PHP Unknown:  preg_match(): Passing null to parameter #4 ($flags) of type int is deprecated in S:\XAMP\htdocs\opencart3\system\library\template\Twig\Lexer.php on line 237
2022-09-24 10:49:35 - PHP Unknown:  preg_match(): Passing null to parameter #4 ($flags) of type int is deprecated in S:\XAMP\htdocs\opencart3\system\library\template\Twig\Lexer.php on line 200
2022-09-24 10:49:35 - PHP Unknown:  preg_match(): Passing null to parameter #4 ($flags) of type int is deprecated in S:\XAMP\htdocs\opencart3\system\library\template\Twig\Lexer.php on line 176
2022-09-24 10:49:35 - PHP Unknown:  preg_match(): Passing null to parameter #4 ($flags) of type int is deprecated in S:\XAMP\htdocs\opencart3\system\library\template\Twig\Lexer.php on line 180
2022-09-24 10:49:35 - PHP Unknown:  preg_match(): Passing null to parameter #4 ($flags) of type int is deprecated in S:\XAMP\htdocs\opencart3\system\library\template\Twig\Lexer.php on line 200
2022-09-24 10:49:35 - PHP Unknown:  preg_match(): Passing null to parameter #4 ($flags) of type int is deprecated in S:\XAMP\htdocs\opencart3\system\library\template\Twig\Lexer.php on line 223
2022-09-24 10:49:35 - PHP Unknown:  preg_match(): Passing null to parameter #4 ($flags) of type int is deprecated in S:\XAMP\htdocs\opencart3\system\library\template\Twig\Lexer.php on line 232
2022-09-24 10:49:35 - PHP Unknown:  preg_match(): Passing null to parameter #4 ($flags) of type int is deprecated in S:\XAMP\htdocs\opencart3\system\library\template\Twig\Lexer.php on line 237
2022-09-24 10:49:35 - PHP Unknown:  preg_match(): Passing null to parameter #4 ($flags) of type int is deprecated in S:\XAMP\htdocs\opencart3\system\library\template\Twig\Lexer.php on line 200
2022-09-24 10:49:35 - PHP Unknown:  preg_match(): Passing null to parameter #4 ($flags) of type int is deprecated in S:\XAMP\htdocs\opencart3\system\library\template\Twig\Lexer.php on line 223
2022-09-24 10:49:35 - PHP Unknown:  preg_match(): Passing null to parameter #4 ($flags) of type int is deprecated in S:\XAMP\htdocs\opencart3\system\library\template\Twig\Lexer.php on line 232
2022-09-24 10:49:35 - PHP Unknown:  preg_match(): Passing null to parameter #4 ($flags) of type int is deprecated in S:\XAMP\htdocs\opencart3\system\library\template\Twig\Lexer.php on line 237
2022-09-24 10:49:35 - PHP Unknown:  preg_match(): Passing null to parameter #4 ($flags) of type int is deprecated in S:\XAMP\htdocs\opencart3\system\library\template\Twig\Lexer.php on line 200
2022-09-24 10:49:35 - PHP Unknown:  preg_match(): Passing null to parameter #4 ($flags) of type int is deprecated in S:\XAMP\htdocs\opencart3\system\library\template\Twig\Lexer.php on line 223
2022-09-24 10:49:35 - PHP Unknown:  preg_match(): Passing null to parameter #4 ($flags) of type int is deprecated in S:\XAMP\htdocs\opencart3\system\library\template\Twig\Lexer.php on line 232
2022-09-24 10:49:35 - PHP Unknown:  preg_match(): Passing null to parameter #4 ($flags) of type int is deprecated in S:\XAMP\htdocs\opencart3\system\library\template\Twig\Lexer.php on line 200
2022-09-24 10:49:35 - PHP Unknown:  preg_match(): Passing null to parameter #4 ($flags) of type int is deprecated in S:\XAMP\htdocs\opencart3\system\library\template\Twig\Lexer.php on line 223
2022-09-24 10:49:35 - PHP Unknown:  preg_match(): Passing null to parameter #4 ($flags) of type int is deprecated in S:\XAMP\htdocs\opencart3\system\library\template\Twig\Lexer.php on line 232
2022-09-24 10:49:35 - PHP Unknown:  preg_match(): Passing null to parameter #4 ($flags) of type int is deprecated in S:\XAMP\htdocs\opencart3\system\library\template\Twig\Lexer.php on line 237
2022-09-24 10:49:35 - PHP Unknown:  preg_match(): Passing null to parameter #4 ($flags) of type int is deprecated in S:\XAMP\htdocs\opencart3\system\library\template\Twig\Lexer.php on line 242
2022-09-24 10:49:35 - PHP Unknown:  preg_match(): Passing null to parameter #4 ($flags) of type int is deprecated in S:\XAMP\htdocs\opencart3\system\library\template\Twig\Lexer.php on line 272
2022-09-24 10:49:35 - PHP Unknown:  preg_match(): Passing null to parameter #4 ($flags) of type int is deprecated in S:\XAMP\htdocs\opencart3\system\library\template\Twig\Lexer.php on line 200
2022-09-24 10:49:35 - PHP Unknown:  preg_match(): Passing null to parameter #4 ($flags) of type int is deprecated in S:\XAMP\htdocs\opencart3\system\library\template\Twig\Lexer.php on line 211
2022-09-24 10:49:35 - PHP Unknown:  preg_match(): Passing null to parameter #4 ($flags) of type int is deprecated in S:\XAMP\htdocs\opencart3\system\library\template\Twig\Lexer.php on line 223
2022-09-24 10:49:35 - PHP Unknown:  preg_match(): Passing null to parameter #4 ($flags) of type int is deprecated in S:\XAMP\htdocs\opencart3\system\library\template\Twig\Lexer.php on line 232
2022-09-24 10:49:35 - PHP Unknown:  preg_match(): Passing null to parameter #4 ($flags) of type int is deprecated in S:\XAMP\htdocs\opencart3\system\library\template\Twig\Lexer.php on line 237
2022-09-24 10:49:35 - PHP Unknown:  preg_match(): Passing null to parameter #4 ($flags) of type int is deprecated in S:\XAMP\htdocs\opencart3\system\library\template\Twig\Lexer.php on line 211
2022-09-24 10:49:35 - PHP Unknown:  preg_match(): Passing null to parameter #4 ($flags) of type int is deprecated in S:\XAMP\htdocs\opencart3\system\library\template\Twig\Lexer.php on line 176
2022-09-24 10:49:35 - PHP Unknown:  preg_match(): Passing null to parameter #4 ($flags) of type int is deprecated in S:\XAMP\htdocs\opencart3\system\library\template\Twig\Lexer.php on line 180
2022-09-24 10:49:35 - PHP Unknown:  preg_match(): Passing null to parameter #4 ($flags) of type int is deprecated in S:\XAMP\htdocs\opencart3\system\library\template\Twig\Lexer.php on line 200
2022-09-24 10:49:35 - PHP Unknown:  preg_match(): Passing null to parameter #4 ($flags) of type int is deprecated in S:\XAMP\htdocs\opencart3\system\library\template\Twig\Lexer.php on line 223
2022-09-24 10:49:35 - PHP Unknown:  preg_match(): Passing null to parameter #4 ($flags) of type int is deprecated in S:\XAMP\htdocs\opencart3\system\library\template\Twig\Lexer.php on line 232
2022-09-24 10:49:35 - PHP Unknown:  preg_match(): Passing null to parameter #4 ($flags) of type int is deprecated in S:\XAMP\htdocs\opencart3\system\library\template\Twig\Lexer.php on line 237
2022-09-24 10:49:35 - PHP Unknown:  preg_match(): Passing null to parameter #4 ($flags) of type int is deprecated in S:\XAMP\htdocs\opencart3\system\library\template\Twig\Lexer.php on line 200
2022-09-24 10:49:35 - PHP Unknown:  preg_match(): Passing null to parameter #4 ($flags) of type int is deprecated in S:\XAMP\htdocs\opencart3\system\library\template\Twig\Lexer.php on line 211
2022-09-24 10:49:35 - PHP Unknown:  preg_match(): Passing null to parameter #4 ($flags) of type int is deprecated in S:\XAMP\htdocs\opencart3\system\library\template\Twig\Lexer.php on line 223
2022-09-24 10:49:35 - PHP Unknown:  preg_match(): Passing null to parameter #4 ($flags) of type int is deprecated in S:\XAMP\htdocs\opencart3\system\library\template\Twig\Lexer.php on line 232
2022-09-24 10:49:35 - PHP Unknown:  preg_match(): Passing null to parameter #4 ($flags) of type int is deprecated in S:\XAMP\htdocs\opencart3\system\library\template\Twig\Lexer.php on line 237
2022-09-24 10:49:35 - PHP Unknown:  preg_match(): Passing null to parameter #4 ($flags) of type int is deprecated in S:\XAMP\htdocs\opencart3\system\library\template\Twig\Lexer.php on line 211
2022-09-24 10:49:35 - PHP Unknown:  preg_match(): Passing null to parameter #4 ($flags) of type int is deprecated in S:\XAMP\htdocs\opencart3\system\library\template\Twig\Lexer.php on line 176
2022-09-24 10:49:35 - PHP Unknown:  preg_match(): Passing null to parameter #4 ($flags) of type int is deprecated in S:\XAMP\htdocs\opencart3\system\library\template\Twig\Lexer.php on line 180
2022-09-24 10:49:35 - PHP Unknown:  preg_match(): Passing null to parameter #4 ($flags) of type int is deprecated in S:\XAMP\htdocs\opencart3\system\library\template\Twig\Lexer.php on line 200
2022-09-24 10:49:35 - PHP Unknown:  preg_match(): Passing null to parameter #4 ($flags) of type int is deprecated in S:\XAMP\htdocs\opencart3\system\library\template\Twig\Lexer.php on line 223
2022-09-24 10:49:35 - PHP Unknown:  preg_match(): Passing null to parameter #4 ($flags) of type int is deprecated in S:\XAMP\htdocs\opencart3\system\library\template\Twig\Lexer.php on line 232
2022-09-24 10:49:35 - PHP Unknown:  preg_match(): Passing null to parameter #4 ($flags) of type int is deprecated in S:\XAMP\htdocs\opencart3\system\library\template\Twig\Lexer.php on line 237
2022-09-24 10:49:35 - PHP Unknown:  preg_match(): Passing null to parameter #4 ($flags) of type int is deprecated in S:\XAMP\htdocs\opencart3\system\library\template\Twig\Lexer.php on line 200
2022-09-24 10:49:35 - PHP Unknown:  preg_match(): Passing null to parameter #4 ($flags) of type int is deprecated in S:\XAMP\htdocs\opencart3\system\library\template\Twig\Lexer.php on line 176
2022-09-24 10:49:35 - PHP Unknown:  preg_match(): Passing null to parameter #4 ($flags) of type int is deprecated in S:\XAMP\htdocs\opencart3\system\library\template\Twig\Lexer.php on line 180
2022-09-24 10:49:35 - PHP Unknown:  preg_match(): Passing null to parameter #4 ($flags) of type int is deprecated in S:\XAMP\htdocs\opencart3\system\library\template\Twig\Lexer.php on line 200
2022-09-24 10:49:35 - PHP Unknown:  preg_match(): Passing null to parameter #4 ($flags) of type int is deprecated in S:\XAMP\htdocs\opencart3\system\library\template\Twig\Lexer.php on line 223
2022-09-24 10:49:35 - PHP Unknown:  preg_match(): Passing null to parameter #4 ($flags) of type int is deprecated in S:\XAMP\htdocs\opencart3\system\library\template\Twig\Lexer.php on line 232
2022-09-24 10:49:35 - PHP Unknown:  preg_match(): Passing null to parameter #4 ($flags) of type int is deprecated in S:\XAMP\htdocs\opencart3\system\library\template\Twig\Lexer.php on line 237
2022-09-24 10:49:35 - PHP Unknown:  preg_match(): Passing null to parameter #4 ($flags) of type int is deprecated in S:\XAMP\htdocs\opencart3\system\library\template\Twig\Lexer.php on line 200
2022-09-24 10:49:35 - PHP Unknown:  preg_match(): Passing null to parameter #4 ($flags) of type int is deprecated in S:\XAMP\htdocs\opencart3\system\library\template\Twig\Lexer.php on line 223
2022-09-24 10:49:35 - PHP Unknown:  preg_match(): Passing null to parameter #4 ($flags) of type int is deprecated in S:\XAMP\htdocs\opencart3\system\library\template\Twig\Lexer.php on line 232
2022-09-24 10:49:35 - PHP Unknown:  preg_match(): Passing null to parameter #4 ($flags) of type int is deprecated in S:\XAMP\htdocs\opencart3\system\library\template\Twig\Lexer.php on line 237
2022-09-24 10:49:35 - PHP Unknown:  preg_match(): Passing null to parameter #4 ($flags) of type int is deprecated in S:\XAMP\htdocs\opencart3\system\library\template\Twig\Lexer.php on line 200
2022-09-24 10:49:35 - PHP Unknown:  preg_match(): Passing null to parameter #4 ($flags) of type int is deprecated in S:\XAMP\htdocs\opencart3\system\library\template\Twig\Lexer.php on line 223
2022-09-24 10:49:35 - PHP Unknown:  preg_match(): Passing null to parameter #4 ($flags) of type int is deprecated in S:\XAMP\htdocs\opencart3\system\library\template\Twig\Lexer.php on line 232
2022-09-24 10:49:35 - PHP Unknown:  preg_match(): Passing null to parameter #4 ($flags) of type int is deprecated in S:\XAMP\htdocs\opencart3\system\library\template\Twig\Lexer.php on line 200
2022-09-24 10:49:35 - PHP Unknown:  preg_match(): Passing null to parameter #4 ($flags) of type int is deprecated in S:\XAMP\htdocs\opencart3\system\library\template\Twig\Lexer.php on line 223
2022-09-24 10:49:35 - PHP Unknown:  preg_match(): Passing null to parameter #4 ($flags) of type int is deprecated in S:\XAMP\htdocs\opencart3\system\library\template\Twig\Lexer.php on line 232
2022-09-24 10:49:35 - PHP Unknown:  preg_match(): Passing null to parameter #4 ($flags) of type int is deprecated in S:\XAMP\htdocs\opencart3\system\library\template\Twig\Lexer.php on line 237
2022-09-24 10:49:35 - PHP Unknown:  preg_match(): Passing null to parameter #4 ($flags) of type int is deprecated in S:\XAMP\htdocs\opencart3\system\library\template\Twig\Lexer.php on line 242
2022-09-24 10:49:35 - PHP Unknown:  preg_match(): Passing null to parameter #4 ($flags) of type int is deprecated in S:\XAMP\htdocs\opencart3\system\library\template\Twig\Lexer.php on line 272
2022-09-24 10:49:35 - PHP Unknown:  preg_match(): Passing null to parameter #4 ($flags) of type int is deprecated in S:\XAMP\htdocs\opencart3\system\library\template\Twig\Lexer.php on line 200
2022-09-24 10:49:35 - PHP Unknown:  preg_match(): Passing null to parameter #4 ($flags) of type int is deprecated in S:\XAMP\htdocs\opencart3\system\library\template\Twig\Lexer.php on line 211
2022-09-24 10:49:35 - PHP Unknown:  preg_match(): Passing null to parameter #4 ($flags) of type int is deprecated in S:\XAMP\htdocs\opencart3\system\library\template\Twig\Lexer.php on line 223
2022-09-24 10:49:35 - PHP Unknown:  preg_match(): Passing null to parameter #4 ($flags) of type int is deprecated in S:\XAMP\htdocs\opencart3\system\library\template\Twig\Lexer.php on line 232
2022-09-24 10:49:35 - PHP Unknown:  preg_match(): Passing null to parameter #4 ($flags) of type int is deprecated in S:\XAMP\htdocs\opencart3\system\library\template\Twig\Lexer.php on line 237
2022-09-24 10:49:35 - PHP Unknown:  preg_match(): Passing null to parameter #4 ($flags) of type int is deprecated in S:\XAMP\htdocs\opencart3\system\library\template\Twig\Lexer.php on line 211
2022-09-24 10:49:35 - PHP Unknown:  preg_match(): Passing null to parameter #4 ($flags) of type int is deprecated in S:\XAMP\htdocs\opencart3\system\library\template\Twig\Lexer.php on line 176
2022-09-24 10:49:35 - PHP Unknown:  preg_match(): Passing null to parameter #4 ($flags) of type int is deprecated in S:\XAMP\htdocs\opencart3\system\library\template\Twig\Lexer.php on line 180
2022-09-24 10:49:35 - PHP Unknown:  preg_match(): Passing null to parameter #4 ($flags) of type int is deprecated in S:\XAMP\htdocs\opencart3\system\library\template\Twig\Lexer.php on line 200
2022-09-24 10:49:35 - PHP Unknown:  preg_match(): Passing null to parameter #4 ($flags) of type int is deprecated in S:\XAMP\htdocs\opencart3\system\library\template\Twig\Lexer.php on line 223
2022-09-24 10:49:35 - PHP Unknown:  preg_match(): Passing null to parameter #4 ($flags) of type int is deprecated in S:\XAMP\htdocs\opencart3\system\library\template\Twig\Lexer.php on line 232
2022-09-24 10:49:35 - PHP Unknown:  preg_match(): Passing null to parameter #4 ($flags) of type int is deprecated in S:\XAMP\htdocs\opencart3\system\library\template\Twig\Lexer.php on line 237
2022-09-24 10:49:35 - PHP Unknown:  preg_match(): Passing null to parameter #4 ($flags) of type int is deprecated in S:\XAMP\htdocs\opencart3\system\library\template\Twig\Lexer.php on line 200
2022-09-24 10:49:35 - PHP Unknown:  preg_match(): Passing null to parameter #4 ($flags) of type int is deprecated in S:\XAMP\htdocs\opencart3\system\library\template\Twig\Lexer.php on line 211
2022-09-24 10:49:35 - PHP Unknown:  preg_match(): Passing null to parameter #4 ($flags) of type int is deprecated in S:\XAMP\htdocs\opencart3\system\library\template\Twig\Lexer.php on line 223
2022-09-24 10:49:35 - PHP Unknown:  preg_match(): Passing null to parameter #4 ($flags) of type int is deprecated in S:\XAMP\htdocs\opencart3\system\library\template\Twig\Lexer.php on line 232
2022-09-24 10:49:35 - PHP Unknown:  preg_match(): Passing null to parameter #4 ($flags) of type int is deprecated in S:\XAMP\htdocs\opencart3\system\library\template\Twig\Lexer.php on line 237
2022-09-24 10:49:35 - PHP Unknown:  preg_match(): Passing null to parameter #4 ($flags) of type int is deprecated in S:\XAMP\htdocs\opencart3\system\library\template\Twig\Lexer.php on line 211
2022-09-24 10:49:35 - PHP Unknown:  preg_match(): Passing null to parameter #4 ($flags) of type int is deprecated in S:\XAMP\htdocs\opencart3\system\library\template\Twig\Lexer.php on line 176
2022-09-24 10:49:35 - PHP Unknown:  preg_match(): Passing null to parameter #4 ($flags) of type int is deprecated in S:\XAMP\htdocs\opencart3\system\library\template\Twig\Lexer.php on line 180
2022-09-24 10:49:35 - PHP Unknown:  preg_match(): Passing null to parameter #4 ($flags) of type int is deprecated in S:\XAMP\htdocs\opencart3\system\library\template\Twig\Lexer.php on line 200
2022-09-24 10:49:35 - PHP Unknown:  preg_match(): Passing null to parameter #4 ($flags) of type int is deprecated in S:\XAMP\htdocs\opencart3\system\library\template\Twig\Lexer.php on line 223
2022-09-24 10:49:35 - PHP Unknown:  preg_match(): Passing null to parameter #4 ($flags) of type int is deprecated in S:\XAMP\htdocs\opencart3\system\library\template\Twig\Lexer.php on line 232
2022-09-24 10:49:35 - PHP Unknown:  preg_match(): Passing null to parameter #4 ($flags) of type int is deprecated in S:\XAMP\htdocs\opencart3\system\library\template\Twig\Lexer.php on line 237
2022-09-24 10:49:35 - PHP Unknown:  preg_match(): Passing null to parameter #4 ($flags) of type int is deprecated in S:\XAMP\htdocs\opencart3\system\library\template\Twig\Lexer.php on line 200
2022-09-24 10:49:35 - PHP Unknown:  preg_match(): Passing null to parameter #4 ($flags) of type int is deprecated in S:\XAMP\htdocs\opencart3\system\library\template\Twig\Lexer.php on line 176
2022-09-24 10:49:35 - PHP Unknown:  preg_match(): Passing null to parameter #4 ($flags) of type int is deprecated in S:\XAMP\htdocs\opencart3\system\library\template\Twig\Lexer.php on line 180
2022-09-24 10:49:35 - PHP Unknown:  preg_match(): Passing null to parameter #4 ($flags) of type int is deprecated in S:\XAMP\htdocs\opencart3\system\library\template\Twig\Lexer.php on line 200
2022-09-24 10:49:35 - PHP Unknown:  preg_match(): Passing null to parameter #4 ($flags) of type int is deprecated in S:\XAMP\htdocs\opencart3\system\library\template\Twig\Lexer.php on line 223
2022-09-24 10:49:35 - PHP Unknown:  preg_match(): Passing null to parameter #4 ($flags) of type int is deprecated in S:\XAMP\htdocs\opencart3\system\library\template\Twig\Lexer.php on line 232
2022-09-24 10:49:35 - PHP Unknown:  preg_match(): Passing null to parameter #4 ($flags) of type int is deprecated in S:\XAMP\htdocs\opencart3\system\library\template\Twig\Lexer.php on line 237
2022-09-24 10:49:35 - PHP Unknown:  preg_match(): Passing null to parameter #4 ($flags) of type int is deprecated in S:\XAMP\htdocs\opencart3\system\library\template\Twig\Lexer.php on line 200
2022-09-24 10:49:35 - PHP Unknown:  preg_match(): Passing null to parameter #4 ($flags) of type int is deprecated in S:\XAMP\htdocs\opencart3\system\library\template\Twig\Lexer.php on line 176
2022-09-24 10:49:35 - PHP Unknown:  preg_match(): Passing null to parameter #4 ($flags) of type int is deprecated in S:\XAMP\htdocs\opencart3\system\library\template\Twig\Lexer.php on line 180
2022-09-24 10:49:35 - PHP Unknown:  preg_match(): Passing null to parameter #4 ($flags) of type int is deprecated in S:\XAMP\htdocs\opencart3\system\library\template\Twig\Lexer.php on line 200
2022-09-24 10:49:35 - PHP Unknown:  preg_match(): Passing null to parameter #4 ($flags) of type int is deprecated in S:\XAMP\htdocs\opencart3\system\library\template\Twig\Lexer.php on line 223
2022-09-24 10:49:35 - PHP Unknown:  preg_match(): Passing null to parameter #4 ($flags) of type int is deprecated in S:\XAMP\htdocs\opencart3\system\library\template\Twig\Lexer.php on line 232
2022-09-24 10:49:35 - PHP Unknown:  preg_match(): Passing null to parameter #4 ($flags) of type int is deprecated in S:\XAMP\htdocs\opencart3\system\library\template\Twig\Lexer.php on line 237
2022-09-24 10:49:35 - PHP Unknown:  preg_match(): Passing null to parameter #4 ($flags) of type int is deprecated in S:\XAMP\htdocs\opencart3\system\library\template\Twig\Lexer.php on line 200
2022-09-24 10:49:35 - PHP Unknown:  preg_match(): Passing null to parameter #4 ($flags) of type int is deprecated in S:\XAMP\htdocs\opencart3\system\library\template\Twig\Lexer.php on line 223
2022-09-24 10:49:35 - PHP Unknown:  preg_match(): Passing null to parameter #4 ($flags) of type int is deprecated in S:\XAMP\htdocs\opencart3\system\library\template\Twig\Lexer.php on line 232
2022-09-24 10:49:35 - PHP Unknown:  preg_match(): Passing null to parameter #4 ($flags) of type int is deprecated in S:\XAMP\htdocs\opencart3\system\library\template\Twig\Lexer.php on line 237
2022-09-24 10:49:35 - PHP Unknown:  preg_match(): Passing null to parameter #4 ($flags) of type int is deprecated in S:\XAMP\htdocs\opencart3\system\library\template\Twig\Lexer.php on line 200
2022-09-24 10:49:35 - PHP Unknown:  preg_match(): Passing null to parameter #4 ($flags) of type int is deprecated in S:\XAMP\htdocs\opencart3\system\library\template\Twig\Lexer.php on line 223
2022-09-24 10:49:35 - PHP Unknown:  preg_match(): Passing null to parameter #4 ($flags) of type int is deprecated in S:\XAMP\htdocs\opencart3\system\library\template\Twig\Lexer.php on line 232
2022-09-24 10:49:35 - PHP Unknown:  preg_match(): Passing null to parameter #4 ($flags) of type int is deprecated in S:\XAMP\htdocs\opencart3\system\library\template\Twig\Lexer.php on line 200
2022-09-24 10:49:35 - PHP Unknown:  preg_match(): Passing null to parameter #4 ($flags) of type int is deprecated in S:\XAMP\htdocs\opencart3\system\library\template\Twig\Lexer.php on line 223
2022-09-24 10:49:35 - PHP Unknown:  preg_match(): Passing null to parameter #4 ($flags) of type int is deprecated in S:\XAMP\htdocs\opencart3\system\library\template\Twig\Lexer.php on line 232
2022-09-24 10:49:35 - PHP Unknown:  preg_match(): Passing null to parameter #4 ($flags) of type int is deprecated in S:\XAMP\htdocs\opencart3\system\library\template\Twig\Lexer.php on line 237
2022-09-24 10:49:35 - PHP Unknown:  preg_match(): Passing null to parameter #4 ($flags) of type int is deprecated in S:\XAMP\htdocs\opencart3\system\library\template\Twig\Lexer.php on line 242
2022-09-24 10:49:35 - PHP Unknown:  preg_match(): Passing null to parameter #4 ($flags) of type int is deprecated in S:\XAMP\htdocs\opencart3\system\library\template\Twig\Lexer.php on line 272
2022-09-24 10:49:35 - PHP Unknown:  preg_match(): Passing null to parameter #4 ($flags) of type int is deprecated in S:\XAMP\htdocs\opencart3\system\library\template\Twig\Lexer.php on line 200
2022-09-24 10:49:35 - PHP Unknown:  preg_match(): Passing null to parameter #4 ($flags) of type int is deprecated in S:\XAMP\htdocs\opencart3\system\library\template\Twig\Lexer.php on line 211
2022-09-24 10:49:35 - PHP Unknown:  preg_match(): Passing null to parameter #4 ($flags) of type int is deprecated in S:\XAMP\htdocs\opencart3\system\library\template\Twig\Lexer.php on line 223
2022-09-24 10:49:35 - PHP Unknown:  preg_match(): Passing null to parameter #4 ($flags) of type int is deprecated in S:\XAMP\htdocs\opencart3\system\library\template\Twig\Lexer.php on line 232
2022-09-24 10:49:35 - PHP Unknown:  preg_match(): Passing null to parameter #4 ($flags) of type int is deprecated in S:\XAMP\htdocs\opencart3\system\library\template\Twig\Lexer.php on line 237
2022-09-24 10:49:35 - PHP Unknown:  preg_match(): Passing null to parameter #4 ($flags) of type int is deprecated in S:\XAMP\htdocs\opencart3\system\library\template\Twig\Lexer.php on line 211
2022-09-24 10:49:35 - PHP Unknown:  preg_match(): Passing null to parameter #4 ($flags) of type int is deprecated in S:\XAMP\htdocs\opencart3\system\library\template\Twig\Lexer.php on line 176
2022-09-24 10:49:35 - PHP Unknown:  preg_match(): Passing null to parameter #4 ($flags) of type int is deprecated in S:\XAMP\htdocs\opencart3\system\library\template\Twig\Lexer.php on line 180
2022-09-24 10:49:35 - PHP Unknown:  preg_match(): Passing null to parameter #4 ($flags) of type int is deprecated in S:\XAMP\htdocs\opencart3\system\library\template\Twig\Lexer.php on line 200
2022-09-24 10:49:35 - PHP Unknown:  preg_match(): Passing null to parameter #4 ($flags) of type int is deprecated in S:\XAMP\htdocs\opencart3\system\library\template\Twig\Lexer.php on line 223
2022-09-24 10:49:35 - PHP Unknown:  preg_match(): Passing null to parameter #4 ($flags) of type int is deprecated in S:\XAMP\htdocs\opencart3\system\library\template\Twig\Lexer.php on line 232
2022-09-24 10:49:35 - PHP Unknown:  preg_match(): Passing null to parameter #4 ($flags) of type int is deprecated in S:\XAMP\htdocs\opencart3\system\library\template\Twig\Lexer.php on line 237
2022-09-24 10:49:35 - PHP Unknown:  preg_match(): Passing null to parameter #4 ($flags) of type int is deprecated in S:\XAMP\htdocs\opencart3\system\library\template\Twig\Lexer.php on line 200
2022-09-24 10:49:35 - PHP Unknown:  preg_match(): Passing null to parameter #4 ($flags) of type int is deprecated in S:\XAMP\htdocs\opencart3\system\library\template\Twig\Lexer.php on line 211
2022-09-24 10:49:35 - PHP Unknown:  preg_match(): Passing null to parameter #4 ($flags) of type int is deprecated in S:\XAMP\htdocs\opencart3\system\library\template\Twig\Lexer.php on line 223
2022-09-24 10:49:35 - PHP Unknown:  preg_match(): Passing null to parameter #4 ($flags) of type int is deprecated in S:\XAMP\htdocs\opencart3\system\library\template\Twig\Lexer.php on line 232
2022-09-24 10:49:35 - PHP Unknown:  preg_match(): Passing null to parameter #4 ($flags) of type int is deprecated in S:\XAMP\htdocs\opencart3\system\library\template\Twig\Lexer.php on line 237
2022-09-24 10:49:35 - PHP Unknown:  preg_match(): Passing null to parameter #4 ($flags) of type int is deprecated in S:\XAMP\htdocs\opencart3\system\library\template\Twig\Lexer.php on line 211
2022-09-24 10:49:35 - PHP Unknown:  preg_match(): Passing null to parameter #4 ($flags) of type int is deprecated in S:\XAMP\htdocs\opencart3\system\library\template\Twig\Lexer.php on line 176
2022-09-24 10:49:35 - PHP Unknown:  preg_match(): Passing null to parameter #4 ($flags) of type int is deprecated in S:\XAMP\htdocs\opencart3\system\library\template\Twig\Lexer.php on line 180
2022-09-24 10:49:35 - PHP Unknown:  preg_match(): Passing null to parameter #4 ($flags) of type int is deprecated in S:\XAMP\htdocs\opencart3\system\library\template\Twig\Lexer.php on line 200
2022-09-24 10:49:35 - PHP Unknown:  preg_match(): Passing null to parameter #4 ($flags) of type int is deprecated in S:\XAMP\htdocs\opencart3\system\library\template\Twig\Lexer.php on line 223
2022-09-24 10:49:35 - PHP Unknown:  preg_match(): Passing null to parameter #4 ($flags) of type int is deprecated in S:\XAMP\htdocs\opencart3\system\library\template\Twig\Lexer.php on line 232
2022-09-24 10:49:35 - PHP Unknown:  preg_match(): Passing null to parameter #4 ($flags) of type int is deprecated in S:\XAMP\htdocs\opencart3\system\library\template\Twig\Lexer.php on line 237
2022-09-24 10:49:35 - PHP Unknown:  preg_match(): Passing null to parameter #4 ($flags) of type int is deprecated in S:\XAMP\htdocs\opencart3\system\library\template\Twig\Lexer.php on line 200
2022-09-24 10:49:35 - PHP Unknown:  preg_match(): Passing null to parameter #4 ($flags) of type int is deprecated in S:\XAMP\htdocs\opencart3\system\library\template\Twig\Lexer.php on line 176
2022-09-24 10:49:35 - PHP Unknown:  preg_match(): Passing null to parameter #4 ($flags) of type int is deprecated in S:\XAMP\htdocs\opencart3\system\library\template\Twig\Lexer.php on line 180
2022-09-24 10:49:35 - PHP Unknown:  preg_match(): Passing null to parameter #4 ($flags) of type int is deprecated in S:\XAMP\htdocs\opencart3\system\library\template\Twig\Lexer.php on line 200
2022-09-24 10:49:35 - PHP Unknown:  preg_match(): Passing null to parameter #4 ($flags) of type int is deprecated in S:\XAMP\htdocs\opencart3\system\library\template\Twig\Lexer.php on line 223
2022-09-24 10:49:35 - PHP Unknown:  preg_match(): Passing null to parameter #4 ($flags) of type int is deprecated in S:\XAMP\htdocs\opencart3\system\library\template\Twig\Lexer.php on line 232
2022-09-24 10:49:35 - PHP Unknown:  preg_match(): Passing null to parameter #4 ($flags) of type int is deprecated in S:\XAMP\htdocs\opencart3\system\library\template\Twig\Lexer.php on line 237
2022-09-24 10:49:35 - PHP Unknown:  preg_match(): Passing null to parameter #4 ($flags) of type int is deprecated in S:\XAMP\htdocs\opencart3\system\library\template\Twig\Lexer.php on line 200
2022-09-24 10:49:35 - PHP Unknown:  preg_match(): Passing null to parameter #4 ($flags) of type int is deprecated in S:\XAMP\htdocs\opencart3\system\library\template\Twig\Lexer.php on line 223
2022-09-24 10:49:35 - PHP Unknown:  preg_match(): Passing null to parameter #4 ($flags) of type int is deprecated in S:\XAMP\htdocs\opencart3\system\library\template\Twig\Lexer.php on line 232
2022-09-24 10:49:35 - PHP Unknown:  preg_match(): Passing null to parameter #4 ($flags) of type int is deprecated in S:\XAMP\htdocs\opencart3\system\library\template\Twig\Lexer.php on line 237
2022-09-24 10:49:35 - PHP Unknown:  preg_match(): Passing null to parameter #4 ($flags) of type int is deprecated in S:\XAMP\htdocs\opencart3\system\library\template\Twig\Lexer.php on line 200
2022-09-24 10:49:35 - PHP Unknown:  preg_match(): Passing null to parameter #4 ($flags) of type int is deprecated in S:\XAMP\htdocs\opencart3\system\library\template\Twig\Lexer.php on line 223
2022-09-24 10:49:35 - PHP Unknown:  preg_match(): Passing null to parameter #4 ($flags) of type int is deprecated in S:\XAMP\htdocs\opencart3\system\library\template\Twig\Lexer.php on line 232
2022-09-24 10:49:35 - PHP Unknown:  preg_match(): Passing null to parameter #4 ($flags) of type int is deprecated in S:\XAMP\htdocs\opencart3\system\library\template\Twig\Lexer.php on line 200
2022-09-24 10:49:35 - PHP Unknown:  preg_match(): Passing null to parameter #4 ($flags) of type int is deprecated in S:\XAMP\htdocs\opencart3\system\library\template\Twig\Lexer.php on line 223
2022-09-24 10:49:35 - PHP Unknown:  preg_match(): Passing null to parameter #4 ($flags) of type int is deprecated in S:\XAMP\htdocs\opencart3\system\library\template\Twig\Lexer.php on line 232
2022-09-24 10:49:35 - PHP Unknown:  preg_match(): Passing null to parameter #4 ($flags) of type int is deprecated in S:\XAMP\htdocs\opencart3\system\library\template\Twig\Lexer.php on line 237
2022-09-24 10:49:35 - PHP Unknown:  preg_match(): Passing null to parameter #4 ($flags) of type int is deprecated in S:\XAMP\htdocs\opencart3\system\library\template\Twig\Lexer.php on line 242
2022-09-24 10:49:35 - PHP Unknown:  preg_match(): Passing null to parameter #4 ($flags) of type int is deprecated in S:\XAMP\htdocs\opencart3\system\library\template\Twig\Lexer.php on line 272
2022-09-24 10:49:35 - PHP Unknown:  preg_match(): Passing null to parameter #4 ($flags) of type int is deprecated in S:\XAMP\htdocs\opencart3\system\library\template\Twig\Lexer.php on line 200
2022-09-24 10:49:35 - PHP Unknown:  preg_match(): Passing null to parameter #4 ($flags) of type int is deprecated in S:\XAMP\htdocs\opencart3\system\library\template\Twig\Lexer.php on line 211
2022-09-24 10:49:35 - PHP Unknown:  preg_match(): Passing null to parameter #4 ($flags) of type int is deprecated in S:\XAMP\htdocs\opencart3\system\library\template\Twig\Lexer.php on line 223
2022-09-24 10:49:35 - PHP Unknown:  preg_match(): Passing null to parameter #4 ($flags) of type int is deprecated in S:\XAMP\htdocs\opencart3\system\library\template\Twig\Lexer.php on line 232
2022-09-24 10:49:35 - PHP Unknown:  preg_match(): Passing null to parameter #4 ($flags) of type int is deprecated in S:\XAMP\htdocs\opencart3\system\library\template\Twig\Lexer.php on line 237
2022-09-24 10:49:35 - PHP Unknown:  preg_match(): Passing null to parameter #4 ($flags) of type int is deprecated in S:\XAMP\htdocs\opencart3\system\library\template\Twig\Lexer.php on line 211
2022-09-24 10:49:35 - PHP Unknown:  preg_match(): Passing null to parameter #4 ($flags) of type int is deprecated in S:\XAMP\htdocs\opencart3\system\library\template\Twig\Lexer.php on line 176
2022-09-24 10:49:35 - PHP Unknown:  preg_match(): Passing null to parameter #4 ($flags) of type int is deprecated in S:\XAMP\htdocs\opencart3\system\library\template\Twig\Lexer.php on line 180
2022-09-24 10:49:35 - PHP Unknown:  preg_match(): Passing null to parameter #4 ($flags) of type int is deprecated in S:\XAMP\htdocs\opencart3\system\library\template\Twig\Lexer.php on line 200
2022-09-24 10:49:35 - PHP Unknown:  preg_match(): Passing null to parameter #4 ($flags) of type int is deprecated in S:\XAMP\htdocs\opencart3\system\library\template\Twig\Lexer.php on line 223
2022-09-24 10:49:35 - PHP Unknown:  preg_match(): Passing null to parameter #4 ($flags) of type int is deprecated in S:\XAMP\htdocs\opencart3\system\library\template\Twig\Lexer.php on line 232
2022-09-24 10:49:35 - PHP Unknown:  preg_match(): Passing null to parameter #4 ($flags) of type int is deprecated in S:\XAMP\htdocs\opencart3\system\library\template\Twig\Lexer.php on line 237
2022-09-24 10:49:35 - PHP Unknown:  preg_match(): Passing null to parameter #4 ($flags) of type int is deprecated in S:\XAMP\htdocs\opencart3\system\library\template\Twig\Lexer.php on line 200
2022-09-24 10:49:35 - PHP Unknown:  preg_match(): Passing null to parameter #4 ($flags) of type int is deprecated in S:\XAMP\htdocs\opencart3\system\library\template\Twig\Lexer.php on line 211
2022-09-24 10:49:35 - PHP Unknown:  preg_match(): Passing null to parameter #4 ($flags) of type int is deprecated in S:\XAMP\htdocs\opencart3\system\library\template\Twig\Lexer.php on line 223
2022-09-24 10:49:35 - PHP Unknown:  preg_match(): Passing null to parameter #4 ($flags) of type int is deprecated in S:\XAMP\htdocs\opencart3\system\library\template\Twig\Lexer.php on line 232
2022-09-24 10:49:35 - PHP Unknown:  preg_match(): Passing null to parameter #4 ($flags) of type int is deprecated in S:\XAMP\htdocs\opencart3\system\library\template\Twig\Lexer.php on line 237
2022-09-24 10:49:35 - PHP Unknown:  preg_match(): Passing null to parameter #4 ($flags) of type int is deprecated in S:\XAMP\htdocs\opencart3\system\library\template\Twig\Lexer.php on line 211
2022-09-24 10:49:35 - PHP Unknown:  preg_match(): Passing null to parameter #4 ($flags) of type int is deprecated in S:\XAMP\htdocs\opencart3\system\library\template\Twig\Lexer.php on line 176
2022-09-24 10:49:35 - PHP Unknown:  preg_match(): Passing null to parameter #4 ($flags) of type int is deprecated in S:\XAMP\htdocs\opencart3\system\library\template\Twig\Lexer.php on line 180
2022-09-24 10:49:35 - PHP Unknown:  preg_match(): Passing null to parameter #4 ($flags) of type int is deprecated in S:\XAMP\htdocs\opencart3\system\library\template\Twig\Lexer.php on line 200
2022-09-24 10:49:35 - PHP Unknown:  preg_match(): Passing null to parameter #4 ($flags) of type int is deprecated in S:\XAMP\htdocs\opencart3\system\library\template\Twig\Lexer.php on line 223
2022-09-24 10:49:35 - PHP Unknown:  preg_match(): Passing null to parameter #4 ($flags) of type int is deprecated in S:\XAMP\htdocs\opencart3\system\library\template\Twig\Lexer.php on line 232
2022-09-24 10:49:35 - PHP Unknown:  preg_match(): Passing null to parameter #4 ($flags) of type int is deprecated in S:\XAMP\htdocs\opencart3\system\library\template\Twig\Lexer.php on line 237
2022-09-24 10:49:35 - PHP Unknown:  preg_match(): Passing null to parameter #4 ($flags) of type int is deprecated in S:\XAMP\htdocs\opencart3\system\library\template\Twig\Lexer.php on line 200
2022-09-24 10:49:35 - PHP Unknown:  preg_match(): Passing null to parameter #4 ($flags) of type int is deprecated in S:\XAMP\htdocs\opencart3\system\library\template\Twig\Lexer.php on line 176
2022-09-24 10:49:35 - PHP Unknown:  preg_match(): Passing null to parameter #4 ($flags) of type int is deprecated in S:\XAMP\htdocs\opencart3\system\library\template\Twig\Lexer.php on line 180
2022-09-24 10:49:35 - PHP Unknown:  preg_match(): Passing null to parameter #4 ($flags) of type int is deprecated in S:\XAMP\htdocs\opencart3\system\library\template\Twig\Lexer.php on line 200
2022-09-24 10:49:35 - PHP Unknown:  preg_match(): Passing null to parameter #4 ($flags) of type int is deprecated in S:\XAMP\htdocs\opencart3\system\library\template\Twig\Lexer.php on line 223
2022-09-24 10:49:35 - PHP Unknown:  preg_match(): Passing null to parameter #4 ($flags) of type int is deprecated in S:\XAMP\htdocs\opencart3\system\library\template\Twig\Lexer.php on line 232
2022-09-24 10:49:35 - PHP Unknown:  preg_match(): Passing null to parameter #4 ($flags) of type int is deprecated in S:\XAMP\htdocs\opencart3\system\library\template\Twig\Lexer.php on line 237
2022-09-24 10:49:35 - PHP Unknown:  preg_match(): Passing null to parameter #4 ($flags) of type int is deprecated in S:\XAMP\htdocs\opencart3\system\library\template\Twig\Lexer.php on line 200
2022-09-24 10:49:35 - PHP Unknown:  preg_match(): Passing null to parameter #4 ($flags) of type int is deprecated in S:\XAMP\htdocs\opencart3\system\library\template\Twig\Lexer.php on line 211
2022-09-24 10:49:35 - PHP Unknown:  preg_match(): Passing null to parameter #4 ($flags) of type int is deprecated in S:\XAMP\htdocs\opencart3\system\library\template\Twig\Lexer.php on line 223
2022-09-24 10:49:35 - PHP Unknown:  preg_match(): Passing null to parameter #4 ($flags) of type int is deprecated in S:\XAMP\htdocs\opencart3\system\library\template\Twig\Lexer.php on line 232
2022-09-24 10:49:35 - PHP Unknown:  preg_match(): Passing null to parameter #4 ($flags) of type int is deprecated in S:\XAMP\htdocs\opencart3\system\library\template\Twig\Lexer.php on line 237
2022-09-24 10:49:35 - PHP Unknown:  preg_match(): Passing null to parameter #4 ($flags) of type int is deprecated in S:\XAMP\htdocs\opencart3\system\library\template\Twig\Lexer.php on line 211
2022-09-24 10:49:35 - PHP Unknown:  preg_match(): Passing null to parameter #4 ($flags) of type int is deprecated in S:\XAMP\htdocs\opencart3\system\library\template\Twig\Lexer.php on line 211
2022-09-24 10:49:35 - PHP Unknown:  preg_match(): Passing null to parameter #4 ($flags) of type int is deprecated in S:\XAMP\htdocs\opencart3\system\library\template\Twig\Lexer.php on line 223
2022-09-24 10:49:35 - PHP Unknown:  preg_match(): Passing null to parameter #4 ($flags) of type int is deprecated in S:\XAMP\htdocs\opencart3\system\library\template\Twig\Lexer.php on line 232
2022-09-24 10:49:35 - PHP Unknown:  preg_match(): Passing null to parameter #4 ($flags) of type int is deprecated in S:\XAMP\htdocs\opencart3\system\library\template\Twig\Lexer.php on line 237
2022-09-24 10:49:35 - PHP Unknown:  preg_match(): Passing null to parameter #4 ($flags) of type int is deprecated in S:\XAMP\htdocs\opencart3\system\library\template\Twig\Lexer.php on line 211
2022-09-24 10:49:35 - PHP Unknown:  preg_match(): Passing null to parameter #4 ($flags) of type int is deprecated in S:\XAMP\htdocs\opencart3\system\library\template\Twig\Lexer.php on line 176
2022-09-24 10:49:35 - PHP Unknown:  preg_match(): Passing null to parameter #4 ($flags) of type int is deprecated in S:\XAMP\htdocs\opencart3\system\library\template\Twig\Lexer.php on line 180
2022-09-24 10:49:35 - PHP Unknown:  preg_match(): Passing null to parameter #4 ($flags) of type int is deprecated in S:\XAMP\htdocs\opencart3\system\library\template\Twig\Lexer.php on line 200
2022-09-24 10:49:35 - PHP Unknown:  preg_match(): Passing null to parameter #4 ($flags) of type int is deprecated in S:\XAMP\htdocs\opencart3\system\library\template\Twig\Lexer.php on line 223
2022-09-24 10:49:35 - PHP Unknown:  preg_match(): Passing null to parameter #4 ($flags) of type int is deprecated in S:\XAMP\htdocs\opencart3\system\library\template\Twig\Lexer.php on line 232
2022-09-24 10:49:35 - PHP Unknown:  preg_match(): Passing null to parameter #4 ($flags) of type int is deprecated in S:\XAMP\htdocs\opencart3\system\library\template\Twig\Lexer.php on line 237
2022-09-24 10:49:35 - PHP Unknown:  preg_match(): Passing null to parameter #4 ($flags) of type int is deprecated in S:\XAMP\htdocs\opencart3\system\library\template\Twig\Lexer.php on line 200
2022-09-24 10:49:35 - PHP Unknown:  preg_match(): Passing null to parameter #4 ($flags) of type int is deprecated in S:\XAMP\htdocs\opencart3\system\library\template\Twig\Lexer.php on line 223
2022-09-24 10:49:35 - PHP Unknown:  preg_match(): Passing null to parameter #4 ($flags) of type int is deprecated in S:\XAMP\htdocs\opencart3\system\library\template\Twig\Lexer.php on line 232
2022-09-24 10:49:35 - PHP Unknown:  preg_match(): Passing null to parameter #4 ($flags) of type int is deprecated in S:\XAMP\htdocs\opencart3\system\library\template\Twig\Lexer.php on line 237
2022-09-24 10:49:35 - PHP Unknown:  preg_match(): Passing null to parameter #4 ($flags) of type int is deprecated in S:\XAMP\htdocs\opencart3\system\library\template\Twig\Lexer.php on line 200
2022-09-24 10:49:35 - PHP Unknown:  preg_match(): Passing null to parameter #4 ($flags) of type int is deprecated in S:\XAMP\htdocs\opencart3\system\library\template\Twig\Lexer.php on line 223
2022-09-24 10:49:35 - PHP Unknown:  preg_match(): Passing null to parameter #4 ($flags) of type int is deprecated in S:\XAMP\htdocs\opencart3\system\library\template\Twig\Lexer.php on line 232
2022-09-24 10:49:35 - PHP Unknown:  preg_match(): Passing null to parameter #4 ($flags) of type int is deprecated in S:\XAMP\htdocs\opencart3\system\library\template\Twig\Lexer.php on line 200
2022-09-24 10:49:35 - PHP Unknown:  preg_match(): Passing null to parameter #4 ($flags) of type int is deprecated in S:\XAMP\htdocs\opencart3\system\library\template\Twig\Lexer.php on line 223
2022-09-24 10:49:35 - PHP Unknown:  preg_match(): Passing null to parameter #4 ($flags) of type int is deprecated in S:\XAMP\htdocs\opencart3\system\library\template\Twig\Lexer.php on line 232
2022-09-24 10:49:35 - PHP Unknown:  preg_match(): Passing null to parameter #4 ($flags) of type int is deprecated in S:\XAMP\htdocs\opencart3\system\library\template\Twig\Lexer.php on line 237
2022-09-24 10:49:35 - PHP Unknown:  preg_match(): Passing null to parameter #4 ($flags) of type int is deprecated in S:\XAMP\htdocs\opencart3\system\library\template\Twig\Lexer.php on line 200
2022-09-24 10:49:35 - PHP Unknown:  preg_match(): Passing null to parameter #4 ($flags) of type int is deprecated in S:\XAMP\htdocs\opencart3\system\library\template\Twig\Lexer.php on line 211
2022-09-24 10:49:35 - PHP Unknown:  preg_match(): Passing null to parameter #4 ($flags) of type int is deprecated in S:\XAMP\htdocs\opencart3\system\library\template\Twig\Lexer.php on line 223
2022-09-24 10:49:35 - PHP Unknown:  preg_match(): Passing null to parameter #4 ($flags) of type int is deprecated in S:\XAMP\htdocs\opencart3\system\library\template\Twig\Lexer.php on line 232
2022-09-24 10:49:35 - PHP Unknown:  preg_match(): Passing null to parameter #4 ($flags) of type int is deprecated in S:\XAMP\htdocs\opencart3\system\library\template\Twig\Lexer.php on line 237
2022-09-24 10:49:35 - PHP Unknown:  preg_match(): Passing null to parameter #4 ($flags) of type int is deprecated in S:\XAMP\htdocs\opencart3\system\library\template\Twig\Lexer.php on line 211
2022-09-24 10:49:35 - PHP Unknown:  preg_match(): Passing null to parameter #4 ($flags) of type int is deprecated in S:\XAMP\htdocs\opencart3\system\library\template\Twig\Lexer.php on line 211
2022-09-24 10:49:35 - PHP Unknown:  preg_match(): Passing null to parameter #4 ($flags) of type int is deprecated in S:\XAMP\htdocs\opencart3\system\library\template\Twig\Lexer.php on line 223
2022-09-24 10:49:35 - PHP Unknown:  preg_match(): Passing null to parameter #4 ($flags) of type int is deprecated in S:\XAMP\htdocs\opencart3\system\library\template\Twig\Lexer.php on line 232
2022-09-24 10:49:35 - PHP Unknown:  preg_match(): Passing null to parameter #4 ($flags) of type int is deprecated in S:\XAMP\htdocs\opencart3\system\library\template\Twig\Lexer.php on line 237
2022-09-24 10:49:35 - PHP Unknown:  preg_match(): Passing null to parameter #4 ($flags) of type int is deprecated in S:\XAMP\htdocs\opencart3\system\library\template\Twig\Lexer.php on line 211
2022-09-24 10:49:35 - PHP Unknown:  preg_match(): Passing null to parameter #4 ($flags) of type int is deprecated in S:\XAMP\htdocs\opencart3\system\library\template\Twig\Lexer.php on line 211
2022-09-24 10:49:35 - PHP Unknown:  preg_match(): Passing null to parameter #4 ($flags) of type int is deprecated in S:\XAMP\htdocs\opencart3\system\library\template\Twig\Lexer.php on line 223
2022-09-24 10:49:35 - PHP Unknown:  preg_match(): Passing null to parameter #4 ($flags) of type int is deprecated in S:\XAMP\htdocs\opencart3\system\library\template\Twig\Lexer.php on line 232
2022-09-24 10:49:35 - PHP Unknown:  preg_match(): Passing null to parameter #4 ($flags) of type int is deprecated in S:\XAMP\htdocs\opencart3\system\library\template\Twig\Lexer.php on line 237
2022-09-24 10:49:35 - PHP Unknown:  preg_match(): Passing null to parameter #4 ($flags) of type int is deprecated in S:\XAMP\htdocs\opencart3\system\library\template\Twig\Lexer.php on line 211
2022-09-24 10:49:35 - PHP Unknown:  preg_match(): Passing null to parameter #4 ($flags) of type int is deprecated in S:\XAMP\htdocs\opencart3\system\library\template\Twig\Lexer.php on line 176
2022-09-24 10:49:35 - PHP Unknown:  preg_match(): Passing null to parameter #4 ($flags) of type int is deprecated in S:\XAMP\htdocs\opencart3\system\library\template\Twig\Lexer.php on line 180
2022-09-24 10:49:35 - PHP Unknown:  preg_match(): Passing null to parameter #4 ($flags) of type int is deprecated in S:\XAMP\htdocs\opencart3\system\library\template\Twig\Lexer.php on line 200
2022-09-24 10:49:35 - PHP Unknown:  preg_match(): Passing null to parameter #4 ($flags) of type int is deprecated in S:\XAMP\htdocs\opencart3\system\library\template\Twig\Lexer.php on line 223
2022-09-24 10:49:35 - PHP Unknown:  preg_match(): Passing null to parameter #4 ($flags) of type int is deprecated in S:\XAMP\htdocs\opencart3\system\library\template\Twig\Lexer.php on line 232
2022-09-24 10:49:35 - PHP Unknown:  preg_match(): Passing null to parameter #4 ($flags) of type int is deprecated in S:\XAMP\htdocs\opencart3\system\library\template\Twig\Lexer.php on line 237
2022-09-24 10:49:35 - PHP Unknown:  preg_match(): Passing null to parameter #4 ($flags) of type int is deprecated in S:\XAMP\htdocs\opencart3\system\library\template\Twig\Lexer.php on line 200
2022-09-24 10:49:35 - PHP Unknown:  preg_match(): Passing null to parameter #4 ($flags) of type int is deprecated in S:\XAMP\htdocs\opencart3\system\library\template\Twig\Lexer.php on line 211
2022-09-24 10:49:35 - PHP Unknown:  preg_match(): Passing null to parameter #4 ($flags) of type int is deprecated in S:\XAMP\htdocs\opencart3\system\library\template\Twig\Lexer.php on line 223
2022-09-24 10:49:35 - PHP Unknown:  preg_match(): Passing null to parameter #4 ($flags) of type int is deprecated in S:\XAMP\htdocs\opencart3\system\library\template\Twig\Lexer.php on line 232
2022-09-24 10:49:35 - PHP Unknown:  preg_match(): Passing null to parameter #4 ($flags) of type int is deprecated in S:\XAMP\htdocs\opencart3\system\library\template\Twig\Lexer.php on line 237
2022-09-24 10:49:35 - PHP Unknown:  preg_match(): Passing null to parameter #4 ($flags) of type int is deprecated in S:\XAMP\htdocs\opencart3\system\library\template\Twig\Lexer.php on line 211
2022-09-24 10:49:35 - PHP Unknown:  Using Twig_Autoloader is deprecated since version 1.21. Use Composer instead. in S:\XAMP\htdocs\opencart3\system\library\template\Twig\Autoloader.php on line 30
2022-09-24 10:49:35 - PHP Unknown:  preg_match(): Passing null to parameter #4 ($flags) of type int is deprecated in S:\XAMP\htdocs\opencart3\system\library\template\Twig\Lexer.php on line 211
2022-09-24 10:49:35 - PHP Unknown:  preg_match(): Passing null to parameter #4 ($flags) of type int is deprecated in S:\XAMP\htdocs\opencart3\system\library\template\Twig\Lexer.php on line 223
2022-09-24 10:49:35 - PHP Unknown:  preg_match(): Passing null to parameter #4 ($flags) of type int is deprecated in S:\XAMP\htdocs\opencart3\system\library\template\Twig\Lexer.php on line 232
2022-09-24 10:49:35 - PHP Unknown:  preg_match(): Passing null to parameter #4 ($flags) of type int is deprecated in S:\XAMP\htdocs\opencart3\system\library\template\Twig\Lexer.php on line 237
2022-09-24 10:49:35 - PHP Unknown:  preg_match(): Passing null to parameter #4 ($flags) of type int is deprecated in S:\XAMP\htdocs\opencart3\system\library\template\Twig\Lexer.php on line 211
2022-09-24 10:49:35 - PHP Unknown:  preg_match(): Passing null to parameter #4 ($flags) of type int is deprecated in S:\XAMP\htdocs\opencart3\system\library\template\Twig\Lexer.php on line 211
2022-09-24 10:49:35 - PHP Unknown:  preg_match(): Passing null to parameter #4 ($flags) of type int is deprecated in S:\XAMP\htdocs\opencart3\system\library\template\Twig\Lexer.php on line 223
2022-09-24 10:49:35 - PHP Unknown:  preg_match(): Passing null to parameter #4 ($flags) of type int is deprecated in S:\XAMP\htdocs\opencart3\system\library\template\Twig\Lexer.php on line 232
2022-09-24 10:49:35 - PHP Unknown:  preg_match(): Passing null to parameter #4 ($flags) of type int is deprecated in S:\XAMP\htdocs\opencart3\system\library\template\Twig\Lexer.php on line 237
2022-09-24 10:49:35 - PHP Unknown:  preg_match(): Passing null to parameter #4 ($flags) of type int is deprecated in S:\XAMP\htdocs\opencart3\system\library\template\Twig\Lexer.php on line 211
2022-09-24 10:49:35 - PHP Unknown:  preg_match(): Passing null to parameter #4 ($flags) of type int is deprecated in S:\XAMP\htdocs\opencart3\system\library\template\Twig\Lexer.php on line 211
2022-09-24 10:49:35 - PHP Unknown:  preg_match(): Passing null to parameter #4 ($flags) of type int is deprecated in S:\XAMP\htdocs\opencart3\system\library\template\Twig\Lexer.php on line 223
2022-09-24 10:49:35 - PHP Unknown:  preg_match(): Passing null to parameter #4 ($flags) of type int is deprecated in S:\XAMP\htdocs\opencart3\system\library\template\Twig\Lexer.php on line 232
2022-09-24 10:49:35 - PHP Unknown:  preg_match(): Passing null to parameter #4 ($flags) of type int is deprecated in S:\XAMP\htdocs\opencart3\system\library\template\Twig\Lexer.php on line 237
2022-09-24 10:49:35 - PHP Unknown:  preg_match(): Passing null to parameter #4 ($flags) of type int is deprecated in S:\XAMP\htdocs\opencart3\system\library\template\Twig\Lexer.php on line 211
2022-09-24 10:49:35 - PHP Unknown:  preg_match(): Passing null to parameter #4 ($flags) of type int is deprecated in S:\XAMP\htdocs\opencart3\system\library\template\Twig\Lexer.php on line 211
2022-09-24 10:49:35 - PHP Unknown:  preg_match(): Passing null to parameter #4 ($flags) of type int is deprecated in S:\XAMP\htdocs\opencart3\system\library\template\Twig\Lexer.php on line 223
2022-09-24 10:49:35 - PHP Unknown:  preg_match(): Passing null to parameter #4 ($flags) of type int is deprecated in S:\XAMP\htdocs\opencart3\system\library\template\Twig\Lexer.php on line 232
2022-09-24 10:49:35 - PHP Unknown:  preg_match(): Passing null to parameter #4 ($flags) of type int is deprecated in S:\XAMP\htdocs\opencart3\system\library\template\Twig\Lexer.php on line 237
2022-09-24 10:49:35 - PHP Unknown:  preg_match(): Passing null to parameter #4 ($flags) of type int is deprecated in S:\XAMP\htdocs\opencart3\system\library\template\Twig\Lexer.php on line 211
2022-09-24 10:49:35 - PHP Unknown:  preg_match(): Passing null to parameter #4 ($flags) of type int is deprecated in S:\XAMP\htdocs\opencart3\system\library\template\Twig\Lexer.php on line 211
2022-09-24 10:49:35 - PHP Unknown:  preg_match(): Passing null to parameter #4 ($flags) of type int is deprecated in S:\XAMP\htdocs\opencart3\system\library\template\Twig\Lexer.php on line 223
2022-09-24 10:49:35 - PHP Unknown:  preg_match(): Passing null to parameter #4 ($flags) of type int is deprecated in S:\XAMP\htdocs\opencart3\system\library\template\Twig\Lexer.php on line 232
2022-09-24 10:49:35 - PHP Unknown:  preg_match(): Passing null to parameter #4 ($flags) of type int is deprecated in S:\XAMP\htdocs\opencart3\system\library\template\Twig\Lexer.php on line 237
2022-09-24 10:49:35 - PHP Unknown:  preg_match(): Passing null to parameter #4 ($flags) of type int is deprecated in S:\XAMP\htdocs\opencart3\system\library\template\Twig\Lexer.php on line 211
2022-09-24 10:49:35 - PHP Unknown:  preg_match(): Passing null to parameter #4 ($flags) of type int is deprecated in S:\XAMP\htdocs\opencart3\system\library\template\Twig\Lexer.php on line 211
2022-09-24 10:49:35 - PHP Unknown:  preg_match(): Passing null to parameter #4 ($flags) of type int is deprecated in S:\XAMP\htdocs\opencart3\system\library\template\Twig\Lexer.php on line 223
2022-09-24 10:49:35 - PHP Unknown:  preg_match(): Passing null to parameter #4 ($flags) of type int is deprecated in S:\XAMP\htdocs\opencart3\system\library\template\Twig\Lexer.php on line 232
2022-09-24 10:49:35 - PHP Unknown:  preg_match(): Passing null to parameter #4 ($flags) of type int is deprecated in S:\XAMP\htdocs\opencart3\system\library\template\Twig\Lexer.php on line 237
2022-09-24 10:49:35 - PHP Unknown:  preg_match(): Passing null to parameter #4 ($flags) of type int is deprecated in S:\XAMP\htdocs\opencart3\system\library\template\Twig\Lexer.php on line 211
2022-09-24 10:49:35 - PHP Unknown:  preg_match(): Passing null to parameter #4 ($flags) of type int is deprecated in S:\XAMP\htdocs\opencart3\system\library\template\Twig\Lexer.php on line 211
2022-09-24 10:49:35 - PHP Unknown:  preg_match(): Passing null to parameter #4 ($flags) of type int is deprecated in S:\XAMP\htdocs\opencart3\system\library\template\Twig\Lexer.php on line 223
2022-09-24 10:49:35 - PHP Unknown:  preg_match(): Passing null to parameter #4 ($flags) of type int is deprecated in S:\XAMP\htdocs\opencart3\system\library\template\Twig\Lexer.php on line 232
2022-09-24 10:49:35 - PHP Unknown:  preg_match(): Passing null to parameter #4 ($flags) of type int is deprecated in S:\XAMP\htdocs\opencart3\system\library\template\Twig\Lexer.php on line 237
2022-09-24 10:49:35 - PHP Unknown:  preg_match(): Passing null to parameter #4 ($flags) of type int is deprecated in S:\XAMP\htdocs\opencart3\system\library\template\Twig\Lexer.php on line 211
2022-09-24 10:49:35 - PHP Unknown:  preg_match(): Passing null to parameter #4 ($flags) of type int is deprecated in S:\XAMP\htdocs\opencart3\system\library\template\Twig\Lexer.php on line 211
2022-09-24 10:49:35 - PHP Unknown:  preg_match(): Passing null to parameter #4 ($flags) of type int is deprecated in S:\XAMP\htdocs\opencart3\system\library\template\Twig\Lexer.php on line 223
2022-09-24 10:49:35 - PHP Unknown:  preg_match(): Passing null to parameter #4 ($flags) of type int is deprecated in S:\XAMP\htdocs\opencart3\system\library\template\Twig\Lexer.php on line 232
2022-09-24 10:49:35 - PHP Unknown:  preg_match(): Passing null to parameter #4 ($flags) of type int is deprecated in S:\XAMP\htdocs\opencart3\system\library\template\Twig\Lexer.php on line 237
2022-09-24 10:49:35 - PHP Unknown:  preg_match(): Passing null to parameter #4 ($flags) of type int is deprecated in S:\XAMP\htdocs\opencart3\system\library\template\Twig\Lexer.php on line 211
2022-09-24 10:50:22 - PHP Unknown:  The Twig_Autoloader class is deprecated since version 1.21 and will be removed in 2.0. Use Composer instead. in S:\XAMP\htdocs\opencart3\system\library\template\Twig\Autoloader.php on line 12
2022-09-24 10:50:22 - PHP Unknown:  Using Twig_Autoloader is deprecated since version 1.21. Use Composer instead. in S:\XAMP\htdocs\opencart3\system\library\template\Twig\Autoloader.php on line 30
2022-09-24 10:50:22 - PHP Unknown:  Using Twig_Autoloader is deprecated since version 1.21. Use Composer instead. in S:\XAMP\htdocs\opencart3\system\library\template\Twig\Autoloader.php on line 30
2022-09-24 10:50:22 - PHP Unknown:  Using Twig_Autoloader is deprecated since version 1.21. Use Composer instead. in S:\XAMP\htdocs\opencart3\system\library\template\Twig\Autoloader.php on line 30
2022-09-24 10:50:22 - PHP Unknown:  Using Twig_Autoloader is deprecated since version 1.21. Use Composer instead. in S:\XAMP\htdocs\opencart3\system\library\template\Twig\Autoloader.php on line 30
2022-09-24 10:53:44 - PHP Unknown:  The Twig_Autoloader class is deprecated since version 1.21 and will be removed in 2.0. Use Composer instead. in S:\XAMP\htdocs\opencart3\system\library\template\Twig\Autoloader.php on line 12
2022-09-24 10:53:44 - PHP Unknown:  Using Twig_Autoloader is deprecated since version 1.21. Use Composer instead. in S:\XAMP\htdocs\opencart3\system\library\template\Twig\Autoloader.php on line 30
2022-09-24 10:53:44 - PHP Unknown:  Using Twig_Autoloader is deprecated since version 1.21. Use Composer instead. in S:\XAMP\htdocs\opencart3\system\library\template\Twig\Autoloader.php on line 30
2022-09-24 10:53:44 - PHP Unknown:  Using Twig_Autoloader is deprecated since version 1.21. Use Composer instead. in S:\XAMP\htdocs\opencart3\system\library\template\Twig\Autoloader.php on line 30
2022-09-24 10:53:44 - PHP Unknown:  Using Twig_Autoloader is deprecated since version 1.21. Use Composer instead. in S:\XAMP\htdocs\opencart3\system\library\template\Twig\Autoloader.php on line 30
2022-09-24 10:53:45 - PHP Unknown:  The Twig_Autoloader class is deprecated since version 1.21 and will be removed in 2.0. Use Composer instead. in S:\XAMP\htdocs\opencart3\system\library\template\Twig\Autoloader.php on line 12
2022-09-24 10:53:45 - PHP Unknown:  Using Twig_Autoloader is deprecated since version 1.21. Use Composer instead. in S:\XAMP\htdocs\opencart3\system\library\template\Twig\Autoloader.php on line 30
2022-09-24 10:53:45 - PHP Unknown:  Using Twig_Autoloader is deprecated since version 1.21. Use Composer instead. in S:\XAMP\htdocs\opencart3\system\library\template\Twig\Autoloader.php on line 30
2022-09-24 10:53:45 - PHP Unknown:  Using Twig_Autoloader is deprecated since version 1.21. Use Composer instead. in S:\XAMP\htdocs\opencart3\system\library\template\Twig\Autoloader.php on line 30
2022-09-24 10:53:45 - PHP Unknown:  Using Twig_Autoloader is deprecated since version 1.21. Use Composer instead. in S:\XAMP\htdocs\opencart3\system\library\template\Twig\Autoloader.php on line 30
2022-09-24 11:23:29 - PHP Warning:  mysqli::__construct(): (HY000/1049): Unknown database 'opencart' in S:\XAMP74\htdocs\opencart3\system\library\db\mysqli.php on line 7
2022-09-24 11:23:29 - PHP Warning:  DB\MySQLi::__construct(): Couldn't fetch mysqli in S:\XAMP74\htdocs\opencart3\system\library\db\mysqli.php on line 10
2022-09-24 11:23:29 - PHP Warning:  DB\MySQLi::__construct(): Couldn't fetch mysqli in S:\XAMP74\htdocs\opencart3\system\library\db\mysqli.php on line 10
2022-09-24 11:23:29 - PHP Notice:  Undefined variable: mysql in S:\XAMP74\htdocs\opencart3\install\controller\install\step_3.php on line 280
2022-09-24 11:23:29 - PHP Notice:  Trying to get property 'connect_error' of non-object in S:\XAMP74\htdocs\opencart3\install\controller\install\step_3.php on line 280
2022-09-24 11:23:55 - PHP Warning:  mysqli::__construct(): (HY000/1045): Access denied for user 'root'@'localhost' (using password: YES) in S:\XAMP74\htdocs\opencart3\system\library\db\mysqli.php on line 7
2022-09-24 11:23:55 - PHP Warning:  DB\MySQLi::__construct(): Couldn't fetch mysqli in S:\XAMP74\htdocs\opencart3\system\library\db\mysqli.php on line 10
2022-09-24 11:23:55 - PHP Warning:  DB\MySQLi::__construct(): Couldn't fetch mysqli in S:\XAMP74\htdocs\opencart3\system\library\db\mysqli.php on line 10
2022-09-24 11:23:55 - PHP Notice:  Undefined variable: mysql in S:\XAMP74\htdocs\opencart3\install\controller\install\step_3.php on line 280
2022-09-24 11:23:55 - PHP Notice:  Trying to get property 'connect_error' of non-object in S:\XAMP74\htdocs\opencart3\install\controller\install\step_3.php on line 280
